2024-06-01 22:05:23.713 [info] Added views:workbench.panel.markers.view in workbench.panel.markers
2024-06-01 22:05:23.713 [info] Added views:workbench.panel.output in workbench.panel.output
2024-06-01 22:05:23.713 [info] Added views:terminal in terminal
2024-06-01 22:05:23.713 [info] Added views:outline in workbench.view.explorer
2024-06-01 22:05:23.713 [info] Added views:workbench.scm in workbench.view.scm
2024-06-01 22:05:23.713 [info] Added views:workbench.view.search in workbench.view.search
2024-06-01 22:05:23.713 [info] Added views:timeline in workbench.view.explorer
2024-06-01 22:05:23.713 [info] Added views:workbench.explorer.emptyView in workbench.view.explorer
2024-06-01 22:05:23.898 [info] Added views:workbench.debug.variablesView,workbench.debug.watchExpressionsView,workbench.debug.callStackView,workbench.debug.breakPointsView in workbench.view.debug
2024-06-01 22:05:24.190 [info] Added views:dockerContainers,dockerImages,dockerRegistries,dockerNetworks,dockerVolumes,vscode-docker.views.dockerContexts,vscode-docker.views.help in workbench.view.extension.dockerView
2024-06-01 22:05:24.208 [info] Added views:~remote.forwardedPorts in ~remote.forwardedPortsContainer
2024-06-01 22:05:24.342 [info] Added views:workbench.panel.repl.view in workbench.panel.repl
2024-06-01 22:05:24.343 [info] Removed views:workbench.debug.breakPointsView,workbench.debug.callStackView,workbench.debug.watchExpressionsView,workbench.debug.variablesView from workbench.view.debug
2024-06-01 22:05:24.344 [info] Added views:workbench.debug.welcome in workbench.view.debug
2024-06-01 22:05:48.773 [info] Added views:workbench.panel.markers.view in workbench.panel.markers
2024-06-01 22:05:48.773 [info] Added views:workbench.panel.output in workbench.panel.output
2024-06-01 22:05:48.773 [info] Added views:terminal in terminal
2024-06-01 22:05:48.773 [info] Added views:outline in workbench.view.explorer
2024-06-01 22:05:48.773 [info] Added views:workbench.scm in workbench.view.scm
2024-06-01 22:05:48.773 [info] Added views:workbench.view.search in workbench.view.search
2024-06-01 22:05:48.773 [info] Added views:timeline in workbench.view.explorer
2024-06-01 22:05:48.773 [info] Added views:workbench.explorer.fileView in workbench.view.explorer
2024-06-01 22:05:48.910 [info] Added views:dockerContainers,dockerImages,dockerRegistries,dockerNetworks,dockerVolumes,vscode-docker.views.dockerContexts,vscode-docker.views.help in workbench.view.extension.dockerView
2024-06-01 22:05:49.024 [info] Added views:workbench.debug.variablesView,workbench.debug.watchExpressionsView,workbench.debug.callStackView,workbench.debug.breakPointsView in workbench.view.debug
2024-06-01 22:05:49.045 [info] Added views:workbench.panel.repl.view in workbench.panel.repl
2024-06-01 22:05:49.046 [info] Removed views:workbench.debug.breakPointsView,workbench.debug.callStackView,workbench.debug.watchExpressionsView,workbench.debug.variablesView from workbench.view.debug
2024-06-01 22:05:49.046 [info] Added views:workbench.debug.welcome in workbench.view.debug
2024-06-01 22:05:49.074 [info] Added views:~remote.forwardedPorts in ~remote.forwardedPortsContainer
2024-06-01 22:06:00.009 [info] Added views:workbench.views.extensions.installed,workbench.views.extensions.popular,extensions.recommendedList in workbench.view.extensions
2024-06-01 22:06:00.010 [info] Removed views:workbench.views.extensions.popular from workbench.view.extensions
2024-06-01 22:06:14.478 [info] Removed views:extensions.recommendedList,workbench.views.extensions.installed from workbench.view.extensions
2024-06-01 22:06:14.485 [info] Added views:workbench.views.extensions.marketplace in workbench.view.extensions
2024-06-01 22:06:24.432 [info] Added views:targetsContainers,devVolumes in workbench.view.remote
2024-06-01 23:10:10.394 [info] Removed views:workbench.views.extensions.marketplace from workbench.view.extensions
2024-06-01 23:10:10.408 [info] Added views:workbench.views.extensions.installed,extensions.recommendedList in workbench.view.extensions
2024-06-02 00:13:42.908 [info] Removed views:extensions.recommendedList,workbench.views.extensions.installed from workbench.view.extensions
2024-06-02 00:13:42.916 [info] Added views:workbench.views.extensions.marketplace in workbench.view.extensions
2024-06-02 00:13:57.936 [info] Removed views:workbench.views.extensions.marketplace from workbench.view.extensions
2024-06-02 00:13:57.944 [info] Added views:workbench.views.extensions.installed,extensions.recommendedList in workbench.view.extensions
