2024-06-01 22:05:24.167 [info] Extension host with pid 31643 started
2024-06-01 22:05:24.344 [info] ExtensionService#_doActivateExtension vscode.git-base, startup: true, activationEvent: '*', root cause: vscode.git
2024-06-01 22:05:24.390 [info] ExtensionService#_doActivateExtension vscode.git, startup: true, activationEvent: '*'
2024-06-01 22:05:24.441 [info] ExtensionService#_doActivateExtension vscode.github, startup: true, activationEvent: '*'
2024-06-01 22:05:24.526 [info] Eager extensions activated
2024-06-01 22:05:24.537 [info] ExtensionService#_doActivateExtension vscode.debug-auto-launch, startup: false, activationEvent: 'onStartupFinished'
2024-06-01 22:05:24.541 [info] ExtensionService#_doActivateExtension vscode.merge-conflict, startup: false, activationEvent: 'onStartupFinished'
2024-06-01 22:05:48.469 [info] Extension host terminating: renderer closed the MessagePort
2024-06-01 22:05:48.478 [info] Extension host with pid 31643 exiting with code 0
2024-06-01 22:05:49.021 [info] Extension host with pid 31845 started
2024-06-01 22:05:49.021 [info] Skipping acquiring lock for /root/home/fronted/~/.vscode-root/User/workspaceStorage/3db9030bdc4707391e6d54c7084f3451.
2024-06-01 22:05:49.046 [info] ExtensionService#_doActivateExtension vscode.git-base, startup: true, activationEvent: '*'
2024-06-01 22:05:49.049 [info] ExtensionService#_doActivateExtension vscode.npm, startup: true, activationEvent: 'workspaceContains:package.json'
2024-06-01 22:05:49.122 [info] ExtensionService#_doActivateExtension vscode.github, startup: true, activationEvent: '*'
2024-06-01 22:05:49.143 [info] Eager extensions activated
2024-06-01 22:05:49.149 [info] ExtensionService#_doActivateExtension vscode.debug-auto-launch, startup: false, activationEvent: 'onStartupFinished'
2024-06-01 22:05:49.151 [info] ExtensionService#_doActivateExtension vscode.merge-conflict, startup: false, activationEvent: 'onStartupFinished'
2024-06-01 22:05:53.559 [info] ExtensionService#_doActivateExtension vscode.git, startup: false, activationEvent: 'api', root cause: vscode.github
2024-06-01 22:06:00.058 [info] ExtensionService#_doActivateExtension vscode.emmet, startup: false, activationEvent: 'onLanguage'
2024-06-01 22:06:24.479 [info] ExtensionService#_doActivateExtension ms-vscode-remote.remote-containers, startup: false, activationEvent: 'onStartupFinished'
2024-06-01 22:06:49.722 [info] ExtensionService#_doActivateExtension ritwickdey.LiveServer, startup: false, activationEvent: 'onStartupFinished'
2024-06-01 22:06:51.720 [warning] [Decorations] CAPPING events from decorations provider vscode.git 315
2024-06-01 22:06:56.742 [warning] [Decorations] CAPPING events from decorations provider vscode.git 315
2024-06-01 22:07:01.766 [warning] [Decorations] CAPPING events from decorations provider vscode.git 322
2024-06-01 22:07:06.782 [warning] [Decorations] CAPPING events from decorations provider vscode.git 325
2024-06-01 22:07:11.796 [warning] [Decorations] CAPPING events from decorations provider vscode.git 325
2024-06-01 22:07:26.912 [warning] [Decorations] CAPPING events from decorations provider vscode.git 326
2024-06-01 22:07:29.422 [info] ExtensionService#_doActivateExtension vscode.json-language-features, startup: false, activationEvent: 'onLanguage:jsonc'
2024-06-01 22:07:29.471 [info] ExtensionService#_doActivateExtension vscode.typescript-language-features, startup: false, activationEvent: 'onLanguage:jsonc'
2024-06-01 22:07:31.927 [warning] [Decorations] CAPPING events from decorations provider vscode.git 331
2024-06-01 22:07:36.944 [warning] [Decorations] CAPPING events from decorations provider vscode.git 331
2024-06-01 22:07:41.963 [warning] [Decorations] CAPPING events from decorations provider vscode.git 333
2024-06-01 22:07:46.981 [warning] [Decorations] CAPPING events from decorations provider vscode.git 333
2024-06-01 22:07:52.004 [warning] [Decorations] CAPPING events from decorations provider vscode.git 333
2024-06-01 22:07:57.019 [warning] [Decorations] CAPPING events from decorations provider vscode.git 333
2024-06-01 22:08:02.039 [warning] [Decorations] CAPPING events from decorations provider vscode.git 333
2024-06-01 22:08:07.051 [warning] [Decorations] CAPPING events from decorations provider vscode.git 333
2024-06-01 22:08:12.072 [warning] [Decorations] CAPPING events from decorations provider vscode.git 333
2024-06-01 22:08:15.666 [info] ExtensionService#_doActivateExtension ms-azuretools.vscode-docker, startup: false, activationEvent: 'onLanguage:dockerfile'
2024-06-01 22:08:17.086 [warning] [Decorations] CAPPING events from decorations provider vscode.git 335
2024-06-01 22:08:22.099 [warning] [Decorations] CAPPING events from decorations provider vscode.git 336
2024-06-01 22:08:27.117 [warning] [Decorations] CAPPING events from decorations provider vscode.git 340
2024-06-01 22:08:32.134 [warning] [Decorations] CAPPING events from decorations provider vscode.git 341
2024-06-01 22:08:37.149 [warning] [Decorations] CAPPING events from decorations provider vscode.git 341
2024-06-01 22:08:42.175 [warning] [Decorations] CAPPING events from decorations provider vscode.git 341
2024-06-01 22:08:47.190 [warning] [Decorations] CAPPING events from decorations provider vscode.git 341
2024-06-01 22:08:52.204 [warning] [Decorations] CAPPING events from decorations provider vscode.git 341
2024-06-01 22:08:57.220 [warning] [Decorations] CAPPING events from decorations provider vscode.git 341
2024-06-01 22:09:02.235 [warning] [Decorations] CAPPING events from decorations provider vscode.git 341
2024-06-01 22:09:07.251 [warning] [Decorations] CAPPING events from decorations provider vscode.git 341
2024-06-01 22:09:12.265 [warning] [Decorations] CAPPING events from decorations provider vscode.git 341
2024-06-01 22:09:17.278 [warning] [Decorations] CAPPING events from decorations provider vscode.git 341
2024-06-01 22:09:22.288 [warning] [Decorations] CAPPING events from decorations provider vscode.git 341
2024-06-01 22:09:27.302 [warning] [Decorations] CAPPING events from decorations provider vscode.git 341
2024-06-01 22:09:32.314 [warning] [Decorations] CAPPING events from decorations provider vscode.git 341
2024-06-01 22:09:37.332 [warning] [Decorations] CAPPING events from decorations provider vscode.git 341
2024-06-01 22:09:42.350 [warning] [Decorations] CAPPING events from decorations provider vscode.git 341
2024-06-01 22:09:47.364 [warning] [Decorations] CAPPING events from decorations provider vscode.git 341
2024-06-01 22:09:52.392 [warning] [Decorations] CAPPING events from decorations provider vscode.git 342
2024-06-01 22:09:57.413 [warning] [Decorations] CAPPING events from decorations provider vscode.git 341
2024-06-01 22:11:05.346 [warning] [Decorations] CAPPING events from decorations provider vscode.git 341
2024-06-01 22:11:10.369 [warning] [Decorations] CAPPING events from decorations provider vscode.git 342
2024-06-01 22:11:15.385 [warning] [Decorations] CAPPING events from decorations provider vscode.git 343
2024-06-01 22:11:20.406 [warning] [Decorations] CAPPING events from decorations provider vscode.git 342
2024-06-01 22:11:25.434 [warning] [Decorations] CAPPING events from decorations provider vscode.git 342
2024-06-01 22:11:50.600 [warning] [Decorations] CAPPING events from decorations provider vscode.git 342
2024-06-01 22:12:54.277 [warning] [Decorations] CAPPING events from decorations provider vscode.git 344
2024-06-01 22:19:07.905 [warning] [Decorations] CAPPING events from decorations provider vscode.git 344
2024-06-01 22:19:28.769 [warning] [Decorations] CAPPING events from decorations provider vscode.git 344
2024-06-01 22:19:37.578 [warning] [Decorations] CAPPING events from decorations provider vscode.git 344
2024-06-01 22:20:07.811 [warning] [Decorations] CAPPING events from decorations provider vscode.git 344
2024-06-01 22:20:28.300 [warning] [Decorations] CAPPING events from decorations provider vscode.git 344
2024-06-01 22:20:33.313 [warning] [Decorations] CAPPING events from decorations provider vscode.git 345
2024-06-01 22:20:45.680 [warning] [Decorations] CAPPING events from decorations provider vscode.git 346
2024-06-01 22:56:11.795 [warning] [Decorations] CAPPING events from decorations provider vscode.git 345
2024-06-01 22:56:18.109 [warning] [Decorations] CAPPING events from decorations provider vscode.git 345
2024-06-01 22:58:02.633 [warning] [Decorations] CAPPING events from decorations provider vscode.git 345
2024-06-01 22:59:13.479 [warning] [Decorations] CAPPING events from decorations provider vscode.git 345
2024-06-01 22:59:18.496 [warning] [Decorations] CAPPING events from decorations provider vscode.git 345
2024-06-01 22:59:23.516 [warning] [Decorations] CAPPING events from decorations provider vscode.git 346
2024-06-01 22:59:28.530 [warning] [Decorations] CAPPING events from decorations provider vscode.git 346
2024-06-01 22:59:33.554 [warning] [Decorations] CAPPING events from decorations provider vscode.git 348
2024-06-01 23:06:17.954 [warning] [Decorations] CAPPING events from decorations provider vscode.git 349
2024-06-01 23:06:22.975 [warning] [Decorations] CAPPING events from decorations provider vscode.git 350
2024-06-01 23:07:59.063 [warning] [Decorations] CAPPING events from decorations provider vscode.git 353
2024-06-01 23:08:04.079 [warning] [Decorations] CAPPING events from decorations provider vscode.git 352
2024-06-01 23:08:09.095 [warning] [Decorations] CAPPING events from decorations provider vscode.git 352
2024-06-01 23:08:14.116 [warning] [Decorations] CAPPING events from decorations provider vscode.git 352
2024-06-01 23:08:19.128 [warning] [Decorations] CAPPING events from decorations provider vscode.git 352
2024-06-01 23:08:25.768 [warning] [Decorations] CAPPING events from decorations provider vscode.git 352
2024-06-01 23:08:30.782 [warning] [Decorations] CAPPING events from decorations provider vscode.git 352
2024-06-01 23:08:35.796 [warning] [Decorations] CAPPING events from decorations provider vscode.git 352
2024-06-01 23:08:40.811 [warning] [Decorations] CAPPING events from decorations provider vscode.git 352
2024-06-01 23:08:45.825 [warning] [Decorations] CAPPING events from decorations provider vscode.git 352
2024-06-01 23:08:50.849 [warning] [Decorations] CAPPING events from decorations provider vscode.git 352
2024-06-01 23:09:12.691 [warning] [Decorations] CAPPING events from decorations provider vscode.git 352
2024-06-01 23:09:17.701 [warning] [Decorations] CAPPING events from decorations provider vscode.git 352
2024-06-01 23:09:22.727 [warning] [Decorations] CAPPING events from decorations provider vscode.git 352
2024-06-01 23:09:27.743 [warning] [Decorations] CAPPING events from decorations provider vscode.git 352
2024-06-01 23:09:32.757 [warning] [Decorations] CAPPING events from decorations provider vscode.git 352
2024-06-01 23:09:37.774 [warning] [Decorations] CAPPING events from decorations provider vscode.git 352
2024-06-01 23:09:42.786 [warning] [Decorations] CAPPING events from decorations provider vscode.git 352
2024-06-01 23:09:47.802 [warning] [Decorations] CAPPING events from decorations provider vscode.git 352
2024-06-01 23:09:52.823 [warning] [Decorations] CAPPING events from decorations provider vscode.git 352
2024-06-01 23:09:58.928 [warning] [Decorations] CAPPING events from decorations provider vscode.git 352
2024-06-01 23:10:03.949 [warning] [Decorations] CAPPING events from decorations provider vscode.git 353
2024-06-01 23:10:08.972 [warning] [Decorations] CAPPING events from decorations provider vscode.git 352
2024-06-01 23:10:13.988 [warning] [Decorations] CAPPING events from decorations provider vscode.git 356
2024-06-01 23:10:19.005 [warning] [Decorations] CAPPING events from decorations provider vscode.git 356
2024-06-01 23:10:24.028 [warning] [Decorations] CAPPING events from decorations provider vscode.git 357
2024-06-01 23:10:29.049 [warning] [Decorations] CAPPING events from decorations provider vscode.git 357
2024-06-01 23:10:46.326 [warning] [Decorations] CAPPING events from decorations provider vscode.git 357
2024-06-01 23:11:57.738 [warning] [Decorations] CAPPING events from decorations provider vscode.git 358
2024-06-01 23:12:02.760 [warning] [Decorations] CAPPING events from decorations provider vscode.git 359
2024-06-01 23:12:14.751 [warning] [Decorations] CAPPING events from decorations provider vscode.git 359
2024-06-01 23:12:19.769 [warning] [Decorations] CAPPING events from decorations provider vscode.git 359
2024-06-01 23:12:24.783 [warning] [Decorations] CAPPING events from decorations provider vscode.git 359
2024-06-01 23:12:29.805 [warning] [Decorations] CAPPING events from decorations provider vscode.git 359
2024-06-01 23:12:34.821 [warning] [Decorations] CAPPING events from decorations provider vscode.git 359
2024-06-01 23:12:43.915 [warning] [Decorations] CAPPING events from decorations provider vscode.git 359
2024-06-01 23:12:48.935 [warning] [Decorations] CAPPING events from decorations provider vscode.git 359
2024-06-01 23:12:53.956 [warning] [Decorations] CAPPING events from decorations provider vscode.git 359
2024-06-01 23:12:58.976 [warning] [Decorations] CAPPING events from decorations provider vscode.git 359
2024-06-01 23:13:07.174 [warning] [Decorations] CAPPING events from decorations provider vscode.git 359
2024-06-01 23:13:32.389 [warning] [Decorations] CAPPING events from decorations provider vscode.git 359
2024-06-01 23:13:37.406 [warning] [Decorations] CAPPING events from decorations provider vscode.git 359
2024-06-01 23:13:42.420 [warning] [Decorations] CAPPING events from decorations provider vscode.git 359
2024-06-01 23:13:47.434 [warning] [Decorations] CAPPING events from decorations provider vscode.git 359
2024-06-01 23:13:52.448 [warning] [Decorations] CAPPING events from decorations provider vscode.git 360
2024-06-01 23:13:57.471 [warning] [Decorations] CAPPING events from decorations provider vscode.git 359
2024-06-01 23:14:17.532 [warning] [Decorations] CAPPING events from decorations provider vscode.git 359
2024-06-01 23:14:22.566 [warning] [Decorations] CAPPING events from decorations provider vscode.git 360
2024-06-01 23:14:31.395 [warning] [Decorations] CAPPING events from decorations provider vscode.git 360
2024-06-01 23:36:13.263 [warning] [Decorations] CAPPING events from decorations provider vscode.git 360
2024-06-01 23:36:18.280 [warning] [Decorations] CAPPING events from decorations provider vscode.git 360
2024-06-01 23:36:23.292 [warning] [Decorations] CAPPING events from decorations provider vscode.git 360
2024-06-01 23:36:28.309 [warning] [Decorations] CAPPING events from decorations provider vscode.git 360
2024-06-01 23:40:25.025 [warning] [Decorations] CAPPING events from decorations provider vscode.git 360
2024-06-01 23:40:30.041 [warning] [Decorations] CAPPING events from decorations provider vscode.git 360
2024-06-01 23:40:35.054 [warning] [Decorations] CAPPING events from decorations provider vscode.git 360
2024-06-01 23:40:40.069 [warning] [Decorations] CAPPING events from decorations provider vscode.git 360
2024-06-01 23:40:45.086 [warning] [Decorations] CAPPING events from decorations provider vscode.git 360
2024-06-01 23:40:50.101 [warning] [Decorations] CAPPING events from decorations provider vscode.git 360
2024-06-01 23:40:55.115 [warning] [Decorations] CAPPING events from decorations provider vscode.git 360
2024-06-01 23:41:00.128 [warning] [Decorations] CAPPING events from decorations provider vscode.git 360
2024-06-01 23:41:05.144 [warning] [Decorations] CAPPING events from decorations provider vscode.git 360
2024-06-01 23:41:10.160 [warning] [Decorations] CAPPING events from decorations provider vscode.git 360
2024-06-01 23:41:15.174 [warning] [Decorations] CAPPING events from decorations provider vscode.git 360
2024-06-01 23:41:20.187 [warning] [Decorations] CAPPING events from decorations provider vscode.git 360
2024-06-01 23:41:25.203 [warning] [Decorations] CAPPING events from decorations provider vscode.git 360
2024-06-01 23:41:30.219 [warning] [Decorations] CAPPING events from decorations provider vscode.git 360
2024-06-01 23:41:35.239 [warning] [Decorations] CAPPING events from decorations provider vscode.git 360
2024-06-01 23:41:40.259 [warning] [Decorations] CAPPING events from decorations provider vscode.git 360
2024-06-01 23:41:45.278 [warning] [Decorations] CAPPING events from decorations provider vscode.git 360
2024-06-01 23:41:50.296 [warning] [Decorations] CAPPING events from decorations provider vscode.git 360
2024-06-01 23:41:55.314 [warning] [Decorations] CAPPING events from decorations provider vscode.git 360
2024-06-01 23:42:00.334 [warning] [Decorations] CAPPING events from decorations provider vscode.git 360
2024-06-01 23:42:05.353 [warning] [Decorations] CAPPING events from decorations provider vscode.git 360
2024-06-01 23:42:10.372 [warning] [Decorations] CAPPING events from decorations provider vscode.git 360
2024-06-01 23:42:15.391 [warning] [Decorations] CAPPING events from decorations provider vscode.git 360
2024-06-01 23:42:20.409 [warning] [Decorations] CAPPING events from decorations provider vscode.git 360
2024-06-01 23:42:25.427 [warning] [Decorations] CAPPING events from decorations provider vscode.git 360
2024-06-01 23:42:30.449 [warning] [Decorations] CAPPING events from decorations provider vscode.git 360
2024-06-01 23:42:35.470 [warning] [Decorations] CAPPING events from decorations provider vscode.git 360
2024-06-01 23:42:40.489 [warning] [Decorations] CAPPING events from decorations provider vscode.git 360
2024-06-01 23:42:45.508 [warning] [Decorations] CAPPING events from decorations provider vscode.git 360
2024-06-01 23:42:50.526 [warning] [Decorations] CAPPING events from decorations provider vscode.git 360
2024-06-01 23:42:55.546 [warning] [Decorations] CAPPING events from decorations provider vscode.git 360
2024-06-01 23:43:00.558 [warning] [Decorations] CAPPING events from decorations provider vscode.git 360
2024-06-01 23:43:05.578 [warning] [Decorations] CAPPING events from decorations provider vscode.git 360
2024-06-01 23:43:10.600 [warning] [Decorations] CAPPING events from decorations provider vscode.git 360
2024-06-01 23:43:15.626 [warning] [Decorations] CAPPING events from decorations provider vscode.git 360
2024-06-01 23:43:20.643 [warning] [Decorations] CAPPING events from decorations provider vscode.git 360
2024-06-01 23:43:25.662 [warning] [Decorations] CAPPING events from decorations provider vscode.git 360
2024-06-01 23:43:30.678 [warning] [Decorations] CAPPING events from decorations provider vscode.git 360
2024-06-01 23:43:35.694 [warning] [Decorations] CAPPING events from decorations provider vscode.git 360
2024-06-01 23:43:40.713 [warning] [Decorations] CAPPING events from decorations provider vscode.git 360
2024-06-01 23:43:45.731 [warning] [Decorations] CAPPING events from decorations provider vscode.git 360
2024-06-01 23:43:50.749 [warning] [Decorations] CAPPING events from decorations provider vscode.git 360
2024-06-01 23:43:55.767 [warning] [Decorations] CAPPING events from decorations provider vscode.git 360
2024-06-01 23:44:00.783 [warning] [Decorations] CAPPING events from decorations provider vscode.git 360
2024-06-01 23:44:05.804 [warning] [Decorations] CAPPING events from decorations provider vscode.git 360
2024-06-01 23:44:10.826 [warning] [Decorations] CAPPING events from decorations provider vscode.git 360
2024-06-01 23:44:15.844 [warning] [Decorations] CAPPING events from decorations provider vscode.git 360
2024-06-01 23:44:20.861 [warning] [Decorations] CAPPING events from decorations provider vscode.git 360
2024-06-01 23:44:25.880 [warning] [Decorations] CAPPING events from decorations provider vscode.git 360
2024-06-01 23:44:30.899 [warning] [Decorations] CAPPING events from decorations provider vscode.git 360
2024-06-01 23:44:35.918 [warning] [Decorations] CAPPING events from decorations provider vscode.git 360
2024-06-01 23:44:40.938 [warning] [Decorations] CAPPING events from decorations provider vscode.git 360
2024-06-01 23:44:45.956 [warning] [Decorations] CAPPING events from decorations provider vscode.git 360
2024-06-01 23:44:50.971 [warning] [Decorations] CAPPING events from decorations provider vscode.git 360
2024-06-01 23:44:55.991 [warning] [Decorations] CAPPING events from decorations provider vscode.git 360
2024-06-01 23:45:01.007 [warning] [Decorations] CAPPING events from decorations provider vscode.git 360
2024-06-01 23:45:06.022 [warning] [Decorations] CAPPING events from decorations provider vscode.git 360
2024-06-01 23:45:11.038 [warning] [Decorations] CAPPING events from decorations provider vscode.git 360
2024-06-01 23:45:16.059 [warning] [Decorations] CAPPING events from decorations provider vscode.git 360
2024-06-01 23:45:21.073 [warning] [Decorations] CAPPING events from decorations provider vscode.git 360
2024-06-01 23:45:26.086 [warning] [Decorations] CAPPING events from decorations provider vscode.git 360
2024-06-01 23:45:31.104 [warning] [Decorations] CAPPING events from decorations provider vscode.git 360
2024-06-01 23:45:36.117 [warning] [Decorations] CAPPING events from decorations provider vscode.git 360
2024-06-01 23:45:41.138 [warning] [Decorations] CAPPING events from decorations provider vscode.git 360
2024-06-01 23:45:46.157 [warning] [Decorations] CAPPING events from decorations provider vscode.git 360
2024-06-01 23:45:51.174 [warning] [Decorations] CAPPING events from decorations provider vscode.git 360
2024-06-01 23:45:56.193 [warning] [Decorations] CAPPING events from decorations provider vscode.git 360
2024-06-01 23:46:01.213 [warning] [Decorations] CAPPING events from decorations provider vscode.git 360
2024-06-01 23:46:06.230 [warning] [Decorations] CAPPING events from decorations provider vscode.git 360
2024-06-01 23:46:11.249 [warning] [Decorations] CAPPING events from decorations provider vscode.git 360
2024-06-01 23:46:16.266 [warning] [Decorations] CAPPING events from decorations provider vscode.git 360
2024-06-01 23:46:21.285 [warning] [Decorations] CAPPING events from decorations provider vscode.git 360
2024-06-01 23:46:26.303 [warning] [Decorations] CAPPING events from decorations provider vscode.git 360
2024-06-01 23:46:31.323 [warning] [Decorations] CAPPING events from decorations provider vscode.git 360
2024-06-01 23:46:36.346 [warning] [Decorations] CAPPING events from decorations provider vscode.git 360
2024-06-01 23:46:41.365 [warning] [Decorations] CAPPING events from decorations provider vscode.git 360
2024-06-01 23:46:46.384 [warning] [Decorations] CAPPING events from decorations provider vscode.git 360
2024-06-01 23:46:51.403 [warning] [Decorations] CAPPING events from decorations provider vscode.git 360
2024-06-01 23:46:56.420 [warning] [Decorations] CAPPING events from decorations provider vscode.git 360
2024-06-01 23:47:01.438 [warning] [Decorations] CAPPING events from decorations provider vscode.git 360
2024-06-01 23:47:06.458 [warning] [Decorations] CAPPING events from decorations provider vscode.git 360
2024-06-01 23:47:11.475 [warning] [Decorations] CAPPING events from decorations provider vscode.git 360
2024-06-01 23:47:16.492 [warning] [Decorations] CAPPING events from decorations provider vscode.git 360
2024-06-01 23:47:21.511 [warning] [Decorations] CAPPING events from decorations provider vscode.git 360
2024-06-01 23:47:26.527 [warning] [Decorations] CAPPING events from decorations provider vscode.git 360
2024-06-01 23:47:31.542 [warning] [Decorations] CAPPING events from decorations provider vscode.git 360
2024-06-01 23:47:36.559 [warning] [Decorations] CAPPING events from decorations provider vscode.git 360
2024-06-01 23:47:41.579 [warning] [Decorations] CAPPING events from decorations provider vscode.git 360
2024-06-01 23:47:46.597 [warning] [Decorations] CAPPING events from decorations provider vscode.git 360
2024-06-01 23:47:51.617 [warning] [Decorations] CAPPING events from decorations provider vscode.git 360
2024-06-01 23:47:56.636 [warning] [Decorations] CAPPING events from decorations provider vscode.git 360
2024-06-01 23:48:01.655 [warning] [Decorations] CAPPING events from decorations provider vscode.git 360
2024-06-01 23:48:06.674 [warning] [Decorations] CAPPING events from decorations provider vscode.git 360
2024-06-01 23:48:11.690 [warning] [Decorations] CAPPING events from decorations provider vscode.git 360
2024-06-01 23:48:16.709 [warning] [Decorations] CAPPING events from decorations provider vscode.git 360
2024-06-01 23:48:21.722 [warning] [Decorations] CAPPING events from decorations provider vscode.git 360
2024-06-01 23:48:26.741 [warning] [Decorations] CAPPING events from decorations provider vscode.git 360
2024-06-01 23:48:31.758 [warning] [Decorations] CAPPING events from decorations provider vscode.git 360
2024-06-01 23:48:36.776 [warning] [Decorations] CAPPING events from decorations provider vscode.git 360
2024-06-01 23:48:41.797 [warning] [Decorations] CAPPING events from decorations provider vscode.git 360
2024-06-01 23:48:46.812 [warning] [Decorations] CAPPING events from decorations provider vscode.git 360
2024-06-01 23:48:51.831 [warning] [Decorations] CAPPING events from decorations provider vscode.git 360
2024-06-01 23:48:56.851 [warning] [Decorations] CAPPING events from decorations provider vscode.git 360
2024-06-01 23:49:01.869 [warning] [Decorations] CAPPING events from decorations provider vscode.git 360
2024-06-01 23:49:06.888 [warning] [Decorations] CAPPING events from decorations provider vscode.git 360
2024-06-01 23:49:11.910 [warning] [Decorations] CAPPING events from decorations provider vscode.git 360
2024-06-01 23:49:16.926 [warning] [Decorations] CAPPING events from decorations provider vscode.git 360
2024-06-01 23:49:21.941 [warning] [Decorations] CAPPING events from decorations provider vscode.git 360
2024-06-01 23:49:26.962 [warning] [Decorations] CAPPING events from decorations provider vscode.git 360
2024-06-01 23:49:31.977 [warning] [Decorations] CAPPING events from decorations provider vscode.git 360
2024-06-01 23:49:36.994 [warning] [Decorations] CAPPING events from decorations provider vscode.git 360
2024-06-01 23:49:42.014 [warning] [Decorations] CAPPING events from decorations provider vscode.git 360
2024-06-01 23:49:47.030 [warning] [Decorations] CAPPING events from decorations provider vscode.git 360
2024-06-01 23:49:52.049 [warning] [Decorations] CAPPING events from decorations provider vscode.git 360
2024-06-01 23:49:57.069 [warning] [Decorations] CAPPING events from decorations provider vscode.git 360
2024-06-01 23:50:02.089 [warning] [Decorations] CAPPING events from decorations provider vscode.git 360
2024-06-01 23:50:07.109 [warning] [Decorations] CAPPING events from decorations provider vscode.git 360
2024-06-01 23:50:12.129 [warning] [Decorations] CAPPING events from decorations provider vscode.git 360
2024-06-01 23:50:17.149 [warning] [Decorations] CAPPING events from decorations provider vscode.git 360
2024-06-01 23:50:22.171 [warning] [Decorations] CAPPING events from decorations provider vscode.git 360
2024-06-01 23:50:27.190 [warning] [Decorations] CAPPING events from decorations provider vscode.git 360
2024-06-01 23:50:32.205 [warning] [Decorations] CAPPING events from decorations provider vscode.git 360
2024-06-01 23:50:37.224 [warning] [Decorations] CAPPING events from decorations provider vscode.git 360
2024-06-01 23:50:42.241 [warning] [Decorations] CAPPING events from decorations provider vscode.git 360
2024-06-01 23:50:47.257 [warning] [Decorations] CAPPING events from decorations provider vscode.git 360
2024-06-01 23:50:52.273 [warning] [Decorations] CAPPING events from decorations provider vscode.git 360
2024-06-01 23:50:57.290 [warning] [Decorations] CAPPING events from decorations provider vscode.git 360
2024-06-01 23:51:02.312 [warning] [Decorations] CAPPING events from decorations provider vscode.git 360
2024-06-01 23:51:07.330 [warning] [Decorations] CAPPING events from decorations provider vscode.git 360
2024-06-01 23:51:12.350 [warning] [Decorations] CAPPING events from decorations provider vscode.git 360
2024-06-01 23:51:17.367 [warning] [Decorations] CAPPING events from decorations provider vscode.git 360
2024-06-01 23:51:22.386 [warning] [Decorations] CAPPING events from decorations provider vscode.git 360
2024-06-01 23:51:27.403 [warning] [Decorations] CAPPING events from decorations provider vscode.git 360
2024-06-01 23:51:32.421 [warning] [Decorations] CAPPING events from decorations provider vscode.git 360
2024-06-01 23:51:37.435 [warning] [Decorations] CAPPING events from decorations provider vscode.git 360
2024-06-01 23:51:42.454 [warning] [Decorations] CAPPING events from decorations provider vscode.git 360
2024-06-01 23:51:47.469 [warning] [Decorations] CAPPING events from decorations provider vscode.git 360
2024-06-01 23:51:52.487 [warning] [Decorations] CAPPING events from decorations provider vscode.git 360
2024-06-01 23:51:57.505 [warning] [Decorations] CAPPING events from decorations provider vscode.git 360
2024-06-01 23:52:02.524 [warning] [Decorations] CAPPING events from decorations provider vscode.git 360
2024-06-01 23:55:57.790 [warning] [Decorations] CAPPING events from decorations provider vscode.git 360
2024-06-01 23:56:34.735 [warning] [Decorations] CAPPING events from decorations provider vscode.git 360
2024-06-01 23:57:39.003 [warning] [Decorations] CAPPING events from decorations provider vscode.git 360
2024-06-02 00:01:44.227 [warning] [Decorations] CAPPING events from decorations provider vscode.git 360
2024-06-02 00:01:49.240 [warning] [Decorations] CAPPING events from decorations provider vscode.git 360
2024-06-02 00:02:21.851 [warning] [Decorations] CAPPING events from decorations provider vscode.git 360
2024-06-02 00:04:09.710 [warning] [Decorations] CAPPING events from decorations provider vscode.git 362
2024-06-02 00:04:14.725 [warning] [Decorations] CAPPING events from decorations provider vscode.git 362
2024-06-02 00:04:19.745 [warning] [Decorations] CAPPING events from decorations provider vscode.git 362
2024-06-02 00:04:26.426 [warning] [Decorations] CAPPING events from decorations provider vscode.git 362
2024-06-02 00:04:31.446 [warning] [Decorations] CAPPING events from decorations provider vscode.git 362
2024-06-02 00:04:36.476 [warning] [Decorations] CAPPING events from decorations provider vscode.git 362
2024-06-02 00:09:18.959 [warning] [Decorations] CAPPING events from decorations provider vscode.git 363
2024-06-02 00:09:23.975 [warning] [Decorations] CAPPING events from decorations provider vscode.git 363
2024-06-02 00:09:29.864 [warning] [Decorations] CAPPING events from decorations provider vscode.git 363
2024-06-02 00:10:06.433 [warning] [Decorations] CAPPING events from decorations provider vscode.git 363
2024-06-02 00:10:11.447 [warning] [Decorations] CAPPING events from decorations provider vscode.git 363
2024-06-02 00:10:16.462 [warning] [Decorations] CAPPING events from decorations provider vscode.git 363
2024-06-02 00:10:21.478 [warning] [Decorations] CAPPING events from decorations provider vscode.git 363
2024-06-02 00:10:26.498 [warning] [Decorations] CAPPING events from decorations provider vscode.git 363
2024-06-02 00:10:31.514 [warning] [Decorations] CAPPING events from decorations provider vscode.git 364
2024-06-02 00:10:36.528 [warning] [Decorations] CAPPING events from decorations provider vscode.git 364
2024-06-02 00:10:41.546 [warning] [Decorations] CAPPING events from decorations provider vscode.git 364
2024-06-02 00:10:46.559 [warning] [Decorations] CAPPING events from decorations provider vscode.git 364
2024-06-02 00:10:51.572 [warning] [Decorations] CAPPING events from decorations provider vscode.git 364
2024-06-02 00:10:56.586 [warning] [Decorations] CAPPING events from decorations provider vscode.git 364
2024-06-02 00:11:01.600 [warning] [Decorations] CAPPING events from decorations provider vscode.git 364
2024-06-02 00:11:06.613 [warning] [Decorations] CAPPING events from decorations provider vscode.git 364
2024-06-02 00:11:11.627 [warning] [Decorations] CAPPING events from decorations provider vscode.git 364
2024-06-02 00:11:16.641 [warning] [Decorations] CAPPING events from decorations provider vscode.git 364
2024-06-02 00:11:21.653 [warning] [Decorations] CAPPING events from decorations provider vscode.git 364
2024-06-02 00:11:26.665 [warning] [Decorations] CAPPING events from decorations provider vscode.git 364
2024-06-02 00:11:31.679 [warning] [Decorations] CAPPING events from decorations provider vscode.git 364
2024-06-02 00:11:36.693 [warning] [Decorations] CAPPING events from decorations provider vscode.git 364
2024-06-02 00:11:41.708 [warning] [Decorations] CAPPING events from decorations provider vscode.git 364
2024-06-02 00:11:46.722 [warning] [Decorations] CAPPING events from decorations provider vscode.git 364
2024-06-02 00:11:51.736 [warning] [Decorations] CAPPING events from decorations provider vscode.git 364
2024-06-02 00:11:56.758 [warning] [Decorations] CAPPING events from decorations provider vscode.git 364
2024-06-02 00:12:01.777 [warning] [Decorations] CAPPING events from decorations provider vscode.git 364
2024-06-02 00:12:06.794 [warning] [Decorations] CAPPING events from decorations provider vscode.git 365
2024-06-02 00:13:07.801 [warning] [Decorations] CAPPING events from decorations provider vscode.git 364
2024-06-02 00:13:12.816 [warning] [Decorations] CAPPING events from decorations provider vscode.git 364
2024-06-02 00:13:17.828 [warning] [Decorations] CAPPING events from decorations provider vscode.git 365
2024-06-02 00:13:22.842 [warning] [Decorations] CAPPING events from decorations provider vscode.git 365
2024-06-02 00:13:27.856 [warning] [Decorations] CAPPING events from decorations provider vscode.git 365
2024-06-02 00:13:32.871 [warning] [Decorations] CAPPING events from decorations provider vscode.git 365
2024-06-02 00:13:37.885 [warning] [Decorations] CAPPING events from decorations provider vscode.git 365
2024-06-02 00:13:42.899 [warning] [Decorations] CAPPING events from decorations provider vscode.git 366
2024-06-02 00:13:47.913 [warning] [Decorations] CAPPING events from decorations provider vscode.git 390
2024-06-02 00:13:52.254 [info] ExtensionService#_doActivateExtension formulahendry.auto-rename-tag, startup: false, activationEvent: '*'
2024-06-02 00:13:52.486 [info] ExtensionService#_doActivateExtension steoates.autoimport, startup: false, activationEvent: 'onLanguage:typescript'
2024-06-02 00:13:52.937 [warning] [Decorations] CAPPING events from decorations provider vscode.git 408
2024-06-02 00:13:53.171 [info] ExtensionService#_doActivateExtension formulahendry.auto-close-tag, startup: false, activationEvent: '*'
2024-06-02 00:13:57.959 [warning] [Decorations] CAPPING events from decorations provider vscode.git 420
2024-06-02 00:14:02.974 [warning] [Decorations] CAPPING events from decorations provider vscode.git 425
2024-06-02 00:14:07.989 [warning] [Decorations] CAPPING events from decorations provider vscode.git 426
2024-06-02 00:14:22.947 [warning] [Decorations] CAPPING events from decorations provider vscode.git 426
2024-06-02 00:14:32.614 [warning] [Decorations] CAPPING events from decorations provider vscode.git 427
2024-06-02 00:14:37.637 [warning] [Decorations] CAPPING events from decorations provider vscode.git 427
2024-06-02 00:14:42.662 [warning] [Decorations] CAPPING events from decorations provider vscode.git 427
2024-06-02 00:18:14.847 [warning] [Decorations] CAPPING events from decorations provider vscode.git 427
2024-06-02 00:18:19.865 [warning] [Decorations] CAPPING events from decorations provider vscode.git 427
2024-06-02 00:18:24.879 [warning] [Decorations] CAPPING events from decorations provider vscode.git 427
2024-06-02 00:18:29.898 [warning] [Decorations] CAPPING events from decorations provider vscode.git 427
2024-06-02 00:18:52.304 [warning] [Decorations] CAPPING events from decorations provider vscode.git 427
2024-06-02 00:18:57.580 [warning] [Decorations] CAPPING events from decorations provider vscode.git 427
2024-06-02 00:19:02.598 [warning] [Decorations] CAPPING events from decorations provider vscode.git 428
2024-06-02 00:19:07.617 [warning] [Decorations] CAPPING events from decorations provider vscode.git 428
2024-06-02 00:19:12.637 [warning] [Decorations] CAPPING events from decorations provider vscode.git 428
2024-06-02 00:19:17.658 [warning] [Decorations] CAPPING events from decorations provider vscode.git 428
2024-06-02 00:19:22.673 [warning] [Decorations] CAPPING events from decorations provider vscode.git 428
2024-06-02 00:19:27.698 [warning] [Decorations] CAPPING events from decorations provider vscode.git 428
2024-06-02 00:19:32.721 [warning] [Decorations] CAPPING events from decorations provider vscode.git 428
2024-06-02 00:19:37.743 [warning] [Decorations] CAPPING events from decorations provider vscode.git 428
2024-06-02 00:19:42.766 [warning] [Decorations] CAPPING events from decorations provider vscode.git 428
2024-06-02 00:19:47.783 [warning] [Decorations] CAPPING events from decorations provider vscode.git 428
2024-06-02 00:19:52.801 [warning] [Decorations] CAPPING events from decorations provider vscode.git 428
2024-06-02 00:19:57.818 [warning] [Decorations] CAPPING events from decorations provider vscode.git 428
2024-06-02 00:20:02.840 [warning] [Decorations] CAPPING events from decorations provider vscode.git 428
2024-06-02 00:20:07.867 [warning] [Decorations] CAPPING events from decorations provider vscode.git 428
2024-06-02 00:20:37.541 [warning] [Decorations] CAPPING events from decorations provider vscode.git 428
2024-06-02 00:20:42.571 [warning] [Decorations] CAPPING events from decorations provider vscode.git 429
2024-06-02 00:20:47.589 [warning] [Decorations] CAPPING events from decorations provider vscode.git 428
2024-06-02 00:20:52.603 [warning] [Decorations] CAPPING events from decorations provider vscode.git 429
2024-06-02 00:20:57.621 [warning] [Decorations] CAPPING events from decorations provider vscode.git 429
2024-06-02 00:21:02.640 [warning] [Decorations] CAPPING events from decorations provider vscode.git 429
2024-06-02 00:21:12.337 [warning] [Decorations] CAPPING events from decorations provider vscode.git 429
2024-06-02 00:21:17.354 [warning] [Decorations] CAPPING events from decorations provider vscode.git 430
2024-06-02 00:21:22.373 [warning] [Decorations] CAPPING events from decorations provider vscode.git 429
2024-06-02 00:23:35.942 [warning] [Decorations] CAPPING events from decorations provider vscode.git 429
2024-06-02 00:23:40.958 [warning] [Decorations] CAPPING events from decorations provider vscode.git 429
2024-06-02 00:23:54.143 [warning] [Decorations] CAPPING events from decorations provider vscode.git 430
2024-06-02 00:26:28.182 [warning] [Decorations] CAPPING events from decorations provider vscode.git 430
2024-06-02 00:26:33.209 [warning] [Decorations] CAPPING events from decorations provider vscode.git 430
2024-06-02 00:26:42.788 [warning] [Decorations] CAPPING events from decorations provider vscode.git 430
2024-06-02 15:30:55.185 [warning] [Decorations] CAPPING events from decorations provider vscode.git 452
2024-06-02 15:31:00.206 [warning] [Decorations] CAPPING events from decorations provider vscode.git 453
